MODEL_NAME: vgg16_linematching
DATASET_NAME: wire
OUTPUT_PATH: output/vgg16_linematching_wire
TRAIN:
  LR: 0.005
  NUM_EPOCHS: 10
  EPOCH_ITERS: 1000
  START_EPOCH: 0
  CLASS: none
  LOSS_FUNC: perm
  LR_STEP: [10]
  MOMENTUM: 0.9
  RLOSS_NORM: 256
  LR_DECAY: 0.1
MODULE: LM.model
RANDOM_SEED: 123
BACKBONE: VGG16_bn
LM:
  GNN_FEAT: 2048
  BS_ITER_NUM: 40
  FEATURE_CHANNEL: 512
  VOTING_ALPHA: 50.0
  BS_EPSILON: 1e-10
  GNN_LAYER: 2
EVAL:
  EPOCH: 4
  PCK_ALPHAS: [0.05, 0.1]
  PCK_L: 256.0
  SAMPLES: 1000
PAIR:
  RESCALE: [512, 512]
DATALOADER_NUM: 8
CACHE_PATH: data/cache
DATASET_FULL_NAME: Scannet
SCALES: [0.125, 0.0625]
STATISTIC_STEP: 100
GPUS: [0]
WIREFRAME:
  TEST_KEY_POINT_DIR: /home/mameng/dataset/scannet/datadir_line09nms/val_label.txt
  TRAIN_KEY_POINT_DIR: /home/mameng/dataset/scannet/datadir_line09nms/train_label.txt
  TEST_IMAGE_DIR: /home/mameng/dataset/scannet/datadir_line09nms/val_img.txt
  TRAIN_IMAGE_DIR: /home/mameng/dataset/scannet/datadir_line09nms/train_img.txt
NORM_STD: [0.229, 0.224, 0.225]
EXPAND_REGION: 7
NORM_MEANS: [0.485, 0.456, 0.406]
OUTPUT_SIZE: [7, 5]
BATCH_SIZE: 3
Start training...
model on device: cuda:0
Epoch 0/9
----------
lr = 5.00e-03
Epoch 0    Iteration 100  4.11sample/s Loss=7.2111  
Epoch 0    Iteration 200  3.49sample/s Loss=5.4386  
